---------------------------------------
Begin Slurm Prolog: Nov-27-2025 10:48:00
Job ID:    3669573
User ID:   nlin47
Account:   coc
Job name:  poker_train
Partition: ice-gpu
QOS:       coe-ice
---------------------------------------
Using device: cuda
Loading dataset from data/processed/FULL_HANDHQ.parquet
Loaded 176123 rows
Columns: ['game_id', 'action_index', 'player', 'player_idx', 'num_players', 'small_blind', 'big_blind', 'starting_stack', 'finishing_stack', 'action_str', 'action_code', 'action_token', 'action_label', 'amount', 'pot_size', 'num_active', 'recent_actions']
Train: 141701 rows, Val: 34422 rows
Epoch 1/25 train_loss=1.0297 train_acc=0.5164 val_loss=0.9412 val_acc=0.5349
Epoch 2/25 train_loss=0.9352 train_acc=0.5497 val_loss=0.9206 val_acc=0.5661
Epoch 3/25 train_loss=0.9249 train_acc=0.5701 val_loss=0.9232 val_acc=0.5535
Epoch 4/25 train_loss=0.9180 train_acc=0.5753 val_loss=0.9125 val_acc=0.5820
Epoch 5/25 train_loss=0.9139 train_acc=0.5811 val_loss=0.9114 val_acc=0.5790
Epoch 6/25 train_loss=0.9105 train_acc=0.5836 val_loss=0.9126 val_acc=0.5790
Epoch 7/25 train_loss=0.9102 train_acc=0.5843 val_loss=0.9047 val_acc=0.5866
Epoch 8/25 train_loss=0.9090 train_acc=0.5848 val_loss=0.9021 val_acc=0.5885
Epoch 9/25 train_loss=0.9065 train_acc=0.5866 val_loss=0.9003 val_acc=0.5886
Epoch 10/25 train_loss=0.9054 train_acc=0.5869 val_loss=0.9030 val_acc=0.5855
Epoch 11/25 train_loss=0.9051 train_acc=0.5872 val_loss=0.9038 val_acc=0.5841
Epoch 12/25 train_loss=0.9037 train_acc=0.5876 val_loss=0.8981 val_acc=0.5884
Epoch 13/25 train_loss=0.9019 train_acc=0.5889 val_loss=0.8980 val_acc=0.5885
Epoch 14/25 train_loss=0.9019 train_acc=0.5887 val_loss=0.9028 val_acc=0.5870
Epoch 15/25 train_loss=0.9023 train_acc=0.5888 val_loss=0.8973 val_acc=0.5873
Epoch 16/25 train_loss=0.9004 train_acc=0.5897 val_loss=0.8968 val_acc=0.5884
Epoch 17/25 train_loss=0.8997 train_acc=0.5899 val_loss=0.8967 val_acc=0.5846
Epoch 18/25 train_loss=0.8994 train_acc=0.5895 val_loss=0.8956 val_acc=0.5896
Epoch 19/25 train_loss=0.8990 train_acc=0.5896 val_loss=0.8963 val_acc=0.5881
Epoch 20/25 train_loss=0.9000 train_acc=0.5892 val_loss=0.8950 val_acc=0.5894
Epoch 21/25 train_loss=0.8985 train_acc=0.5896 val_loss=0.8978 val_acc=0.5881
Epoch 22/25 train_loss=0.8986 train_acc=0.5896 val_loss=0.8960 val_acc=0.5895
Epoch 23/25 train_loss=0.8978 train_acc=0.5907 val_loss=0.8985 val_acc=0.5890
Epoch 24/25 train_loss=0.8987 train_acc=0.5895 val_loss=0.8957 val_acc=0.5892
Epoch 25/25 train_loss=0.8977 train_acc=0.5907 val_loss=0.9006 val_acc=0.5837
Best val acc: 0.5896
Saved metrics and plot to results/mlp_20251127-104804/
---------------------------------------
Begin Slurm Epilog: Nov-27-2025 10:51:59
Job ID:        3669573
User ID:       nlin47
Account:       coc
Job name:      poker_train
Resources:     cpu=1,gres/gpu:h200=1,mem=16G,node=1
Rsrc Used:     cput=00:03:59,vmem=0,walltime=00:03:59,mem=1085412K,energy_used=0
Partition:     ice-gpu
QOS:           coe-ice
Nodes:         atl1-1-03-017-2-0
---------------------------------------
