---------------------------------------
Begin Slurm Prolog: Nov-28-2025 15:17:37
Job ID:    3680541
User ID:   nlin47
Account:   coc
Job name:  poker_train
Partition: ice-gpu
QOS:       coe-ice
---------------------------------------
/storage/ice1/6/9/nlin47/POKER/.venv/lib/python3.12/site-packages/torch/utils/data/dataloader.py:627: UserWarning: This DataLoader will create 4 worker processes in total. Our suggested max number of worker in current system is 1, which is smaller than what this DataLoader is going to create. Please be aware that excessive worker creation might get DataLoader running slow or even freeze, lower the worker number to avoid potential slowness/freeze if necessary.
  warnings.warn(
/storage/ice1/6/9/nlin47/POKER/.venv/lib/python3.12/site-packages/torch/nn/modules/transformer.py:392: UserWarning: enable_nested_tensor is True, but self.use_nested_tensor is False because encoder_layer.norm_first was True
  warnings.warn(
/storage/ice1/6/9/nlin47/POKER/.venv/lib/python3.12/site-packages/torch/utils/data/dataloader.py:627: UserWarning: This DataLoader will create 4 worker processes in total. Our suggested max number of worker in current system is 1, which is smaller than what this DataLoader is going to create. Please be aware that excessive worker creation might get DataLoader running slow or even freeze, lower the worker number to avoid potential slowness/freeze if necessary.
  warnings.warn(
/storage/ice1/6/9/nlin47/POKER/.venv/lib/python3.12/site-packages/torch/utils/data/dataloader.py:668: UserWarning: 'pin_memory' argument is set as true but no accelerator is found, then device pinned memory won't be used.
  warnings.warn(warn_msg)
Using device: cpu
Loading data/processed/FULL_PHH_IMPROVED.parquet
Loaded 267567 rows
Train: 213338, Val: 54229
Class weights: tensor([2.9854e-12, 5.4620e-12, 8.1989e-12, 3.3333e-01, 3.3333e-01, 3.3333e-01])

========== TRAINING ==========

