---------------------------------------
Begin Slurm Prolog: Nov-28-2025 10:44:01
Job ID:    3679407
User ID:   nlin47
Account:   coc
Job name:  poker_train
Partition: ice-gpu
QOS:       coe-ice
---------------------------------------
/storage/ice1/6/9/nlin47/POKER/.venv/lib/python3.12/site-packages/torch/utils/data/dataloader.py:627: UserWarning: This DataLoader will create 4 worker processes in total. Our suggested max number of worker in current system is 1, which is smaller than what this DataLoader is going to create. Please be aware that excessive worker creation might get DataLoader running slow or even freeze, lower the worker number to avoid potential slowness/freeze if necessary.
  warnings.warn(
/storage/ice1/6/9/nlin47/POKER/.venv/lib/python3.12/site-packages/torch/utils/data/dataloader.py:627: UserWarning: This DataLoader will create 4 worker processes in total. Our suggested max number of worker in current system is 1, which is smaller than what this DataLoader is going to create. Please be aware that excessive worker creation might get DataLoader running slow or even freeze, lower the worker number to avoid potential slowness/freeze if necessary.
  warnings.warn(
Using device: cuda
Loading data/processed/FULL_PHH.parquet
Loaded 267567 rows
Train: 212770, Val: 54797
Traceback (most recent call last):
  File "/storage/ice1/6/9/nlin47/POKER/main/scripts/train_new.py", line 1141, in <module>
    main()
  File "/storage/ice1/6/9/nlin47/POKER/main/scripts/train_new.py", line 1073, in main
    train_loss, train_acc = train_epoch_with_mixup(
                            ^^^^^^^^^^^^^^^^^^^^^^^
  File "/storage/ice1/6/9/nlin47/POKER/main/scripts/train_new.py", line 725, in train_epoch_with_mixup
    loss = crit(logits, labels)
           ^^^^^^^^^^^^^^^^^^^^
  File "/storage/ice1/6/9/nlin47/POKER/.venv/lib/python3.12/site-packages/torch/nn/modules/module.py", line 1775, in _wrapped_call_impl
    return self._call_impl(*args, **kwargs)
           ^^^^^^^^^^^^^^^^^^^^^^^^^^^^^^^^
  File "/storage/ice1/6/9/nlin47/POKER/.venv/lib/python3.12/site-packages/torch/nn/modules/module.py", line 1786, in _call_impl
    return forward_call(*args, **kwargs)
           ^^^^^^^^^^^^^^^^^^^^^^^^^^^^^
  File "/storage/ice1/6/9/nlin47/POKER/main/scripts/train_new.py", line 650, in forward
    ce_loss = F.cross_entropy(inputs, targets, reduction='none', weight=self.alpha)
              ^^^^^^^^^^^^^^^^^^^^^^^^^^^^^^^^^^^^^^^^^^^^^^^^^^^^^^^^^^^^^^^^^^^^^
  File "/storage/ice1/6/9/nlin47/POKER/.venv/lib/python3.12/site-packages/torch/nn/functional.py", line 3458, in cross_entropy
    return torch._C._nn.cross_entropy_loss(
           ^^^^^^^^^^^^^^^^^^^^^^^^^^^^^^^^
RuntimeError: weight tensor should be defined either for all 6 classes or no classes but got weight tensor of shape: [3]
---------------------------------------
Begin Slurm Epilog: Nov-28-2025 10:46:49
Job ID:        3679407
User ID:       nlin47
Account:       coc
Job name:      poker_train
Resources:     cpu=1,gres/gpu:v100=1,mem=16G,node=1
Rsrc Used:     cput=00:02:49,vmem=0,walltime=00:02:49,mem=1476300K,energy_used=0
Partition:     ice-gpu
QOS:           coe-ice
Nodes:         atl1-1-02-011-31-0
---------------------------------------
