---------------------------------------
Begin Slurm Prolog: Nov-28-2025 17:05:38
Job ID:    3680949
User ID:   nlin47
Account:   coc
Job name:  poker_train
Partition: ice-gpu
QOS:       coe-ice
---------------------------------------
/storage/ice1/6/9/nlin47/POKER/.venv/lib/python3.12/site-packages/torch/utils/data/dataloader.py:627: UserWarning: This DataLoader will create 4 worker processes in total. Our suggested max number of worker in current system is 1, which is smaller than what this DataLoader is going to create. Please be aware that excessive worker creation might get DataLoader running slow or even freeze, lower the worker number to avoid potential slowness/freeze if necessary.
  warnings.warn(
Using device: cuda
Loading data/processed/FULL_PHH_IMPROVED.parquet
Loaded 267567 rows
Train: 213338, Val: 54229
Traceback (most recent call last):
  File "/storage/ice1/6/9/nlin47/POKER/main/scripts/train_new.py", line 1441, in <module>
    main()
  File "/storage/ice1/6/9/nlin47/POKER/main/scripts/train_new.py", line 1097, in main
    scheduler=scheduler, gradient_clip=args.gradient_clip
                                       ^^^^^^^^^^^^^^^^^^
AttributeError: 'Namespace' object has no attribute 'gradient_clip'
---------------------------------------
Begin Slurm Epilog: Nov-28-2025 17:05:46
Job ID:        3680949
User ID:       nlin47
Account:       coc
Job name:      poker_train
Resources:     cpu=1,gres/gpu:l40s=1,mem=16G,node=1
Rsrc Used:     cput=00:00:08,vmem=0,walltime=00:00:08,mem=871736K,energy_used=0
Partition:     ice-gpu
QOS:           coe-ice
Nodes:         atl1-1-03-004-25-0
---------------------------------------
