---------------------------------------
Begin Slurm Prolog: Nov-28-2025 21:48:28
Job ID:    3682546
User ID:   nlin47
Account:   coc
Job name:  poker_train
Partition: ice-gpu
QOS:       coe-ice
---------------------------------------
/storage/ice1/6/9/nlin47/POKER/.venv/lib/python3.12/site-packages/torch/utils/data/dataloader.py:627: UserWarning: This DataLoader will create 4 worker processes in total. Our suggested max number of worker in current system is 1, which is smaller than what this DataLoader is going to create. Please be aware that excessive worker creation might get DataLoader running slow or even freeze, lower the worker number to avoid potential slowness/freeze if necessary.
  warnings.warn(
/storage/ice1/6/9/nlin47/POKER/.venv/lib/python3.12/site-packages/torch/utils/data/dataloader.py:627: UserWarning: This DataLoader will create 4 worker processes in total. Our suggested max number of worker in current system is 1, which is smaller than what this DataLoader is going to create. Please be aware that excessive worker creation might get DataLoader running slow or even freeze, lower the worker number to avoid potential slowness/freeze if necessary.
  warnings.warn(
Using device: cpu
Loading data/processed/FULL_PHH_IMPROVED.parquet
Loaded 267567 rows
Train: 213338, Val: 54229
label -> count
0 111654 0.5234
1 61028 0.2861
2 40656 0.1906
Majority class: 0 freq: 0.5233666763539547
Val acc if always predict majority: 0.5302144608973058
Unique labels in train: [0 1 2]
Using ContextualLSTM
Epoch 1/25 train_loss=2.5436 train_acc=0.1978 val_loss=1.2697 val_acc=0.3317
  → New best: 0.3317
Epoch 2/25 train_loss=1.2198 train_acc=0.3275 val_loss=1.1252 val_acc=0.2370
Epoch 3/25 train_loss=1.0932 train_acc=0.4140 val_loss=1.0660 val_acc=0.5097
  → New best: 0.5097
Epoch 4/25 train_loss=1.0510 train_acc=0.5077 val_loss=1.0308 val_acc=0.5277
  → New best: 0.5277
Epoch 5/25 train_loss=1.0124 train_acc=0.5442 val_loss=0.9899 val_acc=0.5412
  → New best: 0.5412
Epoch 6/25 train_loss=0.9800 train_acc=0.5636 val_loss=0.9667 val_acc=0.5789
  → New best: 0.5789
Epoch 7/25 train_loss=0.9590 train_acc=0.5841 val_loss=0.9493 val_acc=0.5802
  → New best: 0.5802
Epoch 8/25 train_loss=0.9466 train_acc=0.5991 val_loss=0.9404 val_acc=0.6248
  → New best: 0.6248
slurmstepd: error: *** JOB 3682546 ON atl1-1-01-005-17-0 CANCELLED AT 2025-11-28T22:34:18 ***
---------------------------------------
Begin Slurm Epilog: Nov-28-2025 22:34:20
Job ID:        3682546
User ID:       nlin47
Account:       coc
Job name:      poker_train
Resources:     cpu=1,gres/gpu:mi210=1,mem=16G,node=1
Rsrc Used:     cput=00:45:51,vmem=0,walltime=00:45:51,mem=16774516K,energy_used=0
Partition:     ice-gpu
QOS:           coe-ice
Nodes:         atl1-1-01-005-17-0
---------------------------------------
