---------------------------------------
Begin Slurm Prolog: Nov-28-2025 17:12:40
Job ID:    3680960
User ID:   nlin47
Account:   coc
Job name:  poker_train
Partition: ice-gpu
QOS:       coe-ice
---------------------------------------
/storage/ice1/6/9/nlin47/POKER/.venv/lib/python3.12/site-packages/torch/utils/data/dataloader.py:627: UserWarning: This DataLoader will create 4 worker processes in total. Our suggested max number of worker in current system is 1, which is smaller than what this DataLoader is going to create. Please be aware that excessive worker creation might get DataLoader running slow or even freeze, lower the worker number to avoid potential slowness/freeze if necessary.
  warnings.warn(
/storage/ice1/6/9/nlin47/POKER/.venv/lib/python3.12/site-packages/torch/utils/data/dataloader.py:627: UserWarning: This DataLoader will create 4 worker processes in total. Our suggested max number of worker in current system is 1, which is smaller than what this DataLoader is going to create. Please be aware that excessive worker creation might get DataLoader running slow or even freeze, lower the worker number to avoid potential slowness/freeze if necessary.
  warnings.warn(
Using device: cpu
Loading data/processed/FULL_PHH_IMPROVED.parquet
Loaded 267567 rows
Train: 213338, Val: 54229
Epoch 1/25 train_loss=0.9143 train_acc=0.6026 val_loss=0.7961 val_acc=0.6683
  → New best: 0.6683
Epoch 2/25 train_loss=0.8103 train_acc=0.6583 val_loss=0.7758 val_acc=0.6675
Epoch 3/25 train_loss=0.7903 train_acc=0.6633 val_loss=0.7645 val_acc=0.6730
  → New best: 0.6730
Epoch 4/25 train_loss=0.7804 train_acc=0.6648 val_loss=0.7608 val_acc=0.6728
Epoch 5/25 train_loss=0.7755 train_acc=0.6649 val_loss=0.7589 val_acc=0.6728
Epoch 6/25 train_loss=0.7714 train_acc=0.6661 val_loss=0.7533 val_acc=0.6744
  → New best: 0.6744
Epoch 7/25 train_loss=0.7675 train_acc=0.6663 val_loss=0.7499 val_acc=0.6742
Epoch 8/25 train_loss=0.7646 train_acc=0.6667 val_loss=0.7494 val_acc=0.6739
Epoch 9/25 train_loss=0.7625 train_acc=0.6671 val_loss=0.7483 val_acc=0.6748
  → New best: 0.6748
Epoch 10/25 train_loss=0.7608 train_acc=0.6673 val_loss=0.7477 val_acc=0.6739
Epoch 11/25 train_loss=0.7594 train_acc=0.6676 val_loss=0.7450 val_acc=0.6749
  → New best: 0.6749
Epoch 12/25 train_loss=0.7578 train_acc=0.6683 val_loss=0.7459 val_acc=0.6741
Epoch 13/25 train_loss=0.7563 train_acc=0.6681 val_loss=0.7424 val_acc=0.6745
Epoch 14/25 train_loss=0.7552 train_acc=0.6681 val_loss=0.7427 val_acc=0.6743
Epoch 15/25 train_loss=0.7549 train_acc=0.6682 val_loss=0.7440 val_acc=0.6753
  → New best: 0.6753
Epoch 16/25 train_loss=0.7536 train_acc=0.6694 val_loss=0.7439 val_acc=0.6709
Epoch 17/25 train_loss=0.7525 train_acc=0.6694 val_loss=0.7406 val_acc=0.6756
  → New best: 0.6756
Epoch 18/25 train_loss=0.7527 train_acc=0.6690 val_loss=0.7403 val_acc=0.6732
Epoch 19/25 train_loss=0.7514 train_acc=0.6692 val_loss=0.7395 val_acc=0.6754
Epoch 20/25 train_loss=0.7509 train_acc=0.6702 val_loss=0.7400 val_acc=0.6745
Epoch 21/25 train_loss=0.7499 train_acc=0.6699 val_loss=0.7386 val_acc=0.6756
  → New best: 0.6756
Epoch 22/25 train_loss=0.7499 train_acc=0.6697 val_loss=0.7373 val_acc=0.6779
  → New best: 0.6779
Epoch 23/25 train_loss=0.7492 train_acc=0.6705 val_loss=0.7384 val_acc=0.6748
Epoch 24/25 train_loss=0.7488 train_acc=0.6703 val_loss=0.7381 val_acc=0.6769
Epoch 25/25 train_loss=0.7485 train_acc=0.6709 val_loss=0.7392 val_acc=0.6776

Best val accuracy: 0.6779

Saved results to results/transformer_20251128-171432/
---------------------------------------
Begin Slurm Epilog: Nov-28-2025 21:01:07
Job ID:        3680960
User ID:       nlin47
Account:       coc
Job name:      poker_train
Resources:     cpu=1,gres/gpu:mi210=1,mem=16G,node=1
Rsrc Used:     cput=03:48:26,vmem=0,walltime=03:48:26,mem=3076792K,energy_used=0
Partition:     ice-gpu
QOS:           coe-ice
Nodes:         atl1-1-01-005-17-0
---------------------------------------
